<?xml version="1.0" encoding="UTF-8"?>
<!-- Generated by org.testng.reporters.JUnitXMLReporter -->
<testsuite ignored="0" hostname="DESKTOP-PAGKN9I" failures="0" tests="1" name="mytest" time="0.093" errors="0" timestamp="2020-11-25T19:39:50 PKT">
  <testcase classname="com.nopcommerce_app.testBase.BaseClass" name="@BeforeClass setup" time="-1.606315189922E9">
    <failure type="org.testng.TestNGException" message="
Parameter &amp;apos;browser&amp;apos; is required by BeforeClass on method setup but has not been marked @Optional or defined
in C:\Users\DELL\eclipse-workspace\nopcommerce_app\testng.xml">
      <![CDATA[org.testng.TestNGException: 
Parameter 'browser' is required by BeforeClass on method setup but has not been marked @Optional or defined
in C:\Users\DELL\eclipse-workspace\nopcommerce_app\testng.xml
at java.base/java.util.ArrayList.forEach(ArrayList.java:1511)
... Removed 22 stack frames]]>
    </failure>
  </testcase> <!-- @BeforeClass setup -->
  <testcase classname="com.nopcommerce_app.testBase.BaseClass" name="@AfterClass tearDown" time="-1.606315189982E9">
    <skipped/>
  </testcase> <!-- @AfterClass tearDown -->
  <testcase classname="com.nopcommerce_app.testCases.TC_LoginTest_001" name="loginTest" time="0.0">
    <skipped/>
  </testcase> <!-- loginTest -->
</testsuite> <!-- mytest -->
