<?xml version="1.0" encoding="UTF-8"?>
<!-- Generated by org.testng.reporters.JUnitXMLReporter -->
<testsuite ignored="0" hostname="DESKTOP-PAGKN9I" failures="1" tests="4" name="chrometest" time="78.214" errors="0" timestamp="2020-12-23T21:43:03 PKT">
  <testcase classname="com.nopcommerce_app.testCases.TC_LoginDDT_002" name="loginTest" time="32.409"/>
  <testcase classname="com.nopcommerce_app.testCases.TC_LoginDDT_002" name="loginTest" time="12.543"/>
  <testcase classname="com.nopcommerce_app.testCases.TC_LoginDDT_002" name="loginTest" time="11.307"/>
  <testcase classname="com.nopcommerce_app.testCases.TC_LoginDDT_002" name="loginTest" time="11.363">
    <failure type="java.lang.AssertionError" message="expected [true] but found [false]">
      <![CDATA[java.lang.AssertionError: expected [true] but found [false]
at com.nopcommerce_app.testCases.TC_LoginDDT_002.loginTest(TC_LoginDDT_002.java:53)
at java.base/java.util.ArrayList.forEach(ArrayList.java:1511)
at java.base/java.util.concurrent.FutureTask.run(FutureTask.java:264)
at java.base/java.util.concurrent.ThreadPoolExecutor.runWorker(ThreadPoolExecutor.java:1130)
at java.base/java.util.concurrent.ThreadPoolExecutor$Worker.run(ThreadPoolExecutor.java:630)
at java.base/java.lang.Thread.run(Thread.java:832)
... Removed 22 stack frames]]>
    </failure>
  </testcase> <!-- loginTest -->
</testsuite> <!-- chrometest -->
